<?xml version="1.0" encoding="UTF-8"?>
<!-- Generated by org.testng.reporters.JUnitReportReporter -->
<testsuite hostname="LAPTOP-RRDKIDBU" failures="0" tests="1" name="testcases.LoginTest" time="2.867" errors="0" timestamp="2024-11-21T08:25:35 IST" skipped="0">
  <testcase classname="testcases.LoginTest" name="validLoginTest" time="2.867"/>
</testsuite> <!-- testcases.LoginTest -->
