<?xml version="1.0" encoding="UTF-8"?>
<!-- Generated by org.testng.reporters.JUnitReportReporter -->
<testsuite hostname="Mukeshs-MacBook-Air.local" failures="0" tests="1" name="testcases.LoginTest" time="2.598" errors="0" timestamp="2024-11-21T08:12:17 IST" skipped="0">
  <testcase classname="testcases.LoginTest" name="validLoginTest" time="2.598"/>
</testsuite> <!-- testcases.LoginTest -->
